0 info it worked if it ends with ok
1 verbose cli [ '/home/sal/.nvm/versions/node/v6.17.1/bin/node',
1 verbose cli   '/home/sal/.nvm/versions/node/v6.17.1/bin/npm',
1 verbose cli   'start' ]
2 info using npm@3.10.10
3 info using node@v6.17.1
4 verbose run-script [ 'prestart', 'start', 'poststart' ]
5 info lifecycle jobly-solution@2.0.0~prestart: jobly-solution@2.0.0
6 silly lifecycle jobly-solution@2.0.0~prestart: no script for prestart, continuing
7 info lifecycle jobly-solution@2.0.0~start: jobly-solution@2.0.0
8 verbose lifecycle jobly-solution@2.0.0~start: unsafe-perm in lifecycle true
9 verbose lifecycle jobly-solution@2.0.0~start: PATH: /home/sal/.nvm/versions/node/v6.17.1/lib/node_modules/npm/bin/node-gyp-bin:/home/sal/springboard_ubuntu/48_React_Jobly/react-jobly/backend/node_modules/.bin:/home/sal/.nvm/versions/node/v6.17.1/bin:/usr/local/sbin:/usr/local/bin:/usr/sbin:/usr/bin:/sbin:/bin:/usr/games:/usr/local/games:/usr/lib/wsl/lib:/mnt/c/WINDOWS/system32:/mnt/c/WINDOWS:/mnt/c/WINDOWS/System32/Wbem:/mnt/c/WINDOWS/System32/WindowsPowerShell/v1.0/:/mnt/c/WINDOWS/System32/OpenSSH/:/mnt/c/Program Files/dotnet/:/mnt/c/Program Files/Git/cmd:/mnt/c/Users/kusos/AppData/Local/Microsoft/WindowsApps:/mnt/c/Users/kusos/AppData/Local/Programs/Microsoft VS Code/bin:/snap/bin
10 verbose lifecycle jobly-solution@2.0.0~start: CWD: /home/sal/springboard_ubuntu/48_React_Jobly/react-jobly/backend
11 silly lifecycle jobly-solution@2.0.0~start: Args: [ '-c', 'node server.js' ]
12 silly lifecycle jobly-solution@2.0.0~start: Returned: code: 1  signal: null
13 info lifecycle jobly-solution@2.0.0~start: Failed to exec start script
14 verbose stack Error: jobly-solution@2.0.0 start: `node server.js`
14 verbose stack Exit status 1
14 verbose stack     at EventEmitter.<anonymous> (/home/sal/.nvm/versions/node/v6.17.1/lib/node_modules/npm/lib/utils/lifecycle.js:255:16)
14 verbose stack     at emitTwo (events.js:106:13)
14 verbose stack     at EventEmitter.emit (events.js:191:7)
14 verbose stack     at ChildProcess.<anonymous> (/home/sal/.nvm/versions/node/v6.17.1/lib/node_modules/npm/lib/utils/spawn.js:40:14)
14 verbose stack     at emitTwo (events.js:106:13)
14 verbose stack     at ChildProcess.emit (events.js:191:7)
14 verbose stack     at maybeClose (internal/child_process.js:920:16)
14 verbose stack     at Process.ChildProcess._handle.onexit (internal/child_process.js:230:5)
15 verbose pkgid jobly-solution@2.0.0
16 verbose cwd /home/sal/springboard_ubuntu/48_React_Jobly/react-jobly/backend
17 error Linux 5.10.16.3-microsoft-standard-WSL2
18 error argv "/home/sal/.nvm/versions/node/v6.17.1/bin/node" "/home/sal/.nvm/versions/node/v6.17.1/bin/npm" "start"
19 error node v6.17.1
20 error npm  v3.10.10
21 error code ELIFECYCLE
22 error jobly-solution@2.0.0 start: `node server.js`
22 error Exit status 1
23 error Failed at the jobly-solution@2.0.0 start script 'node server.js'.
23 error Make sure you have the latest version of node.js and npm installed.
23 error If you do, this is most likely a problem with the jobly-solution package,
23 error not with npm itself.
23 error Tell the author that this fails on your system:
23 error     node server.js
23 error You can get information on how to open an issue for this project with:
23 error     npm bugs jobly-solution
23 error Or if that isn't available, you can get their info via:
23 error     npm owner ls jobly-solution
23 error There is likely additional logging output above.
24 verbose exit [ 1, true ]
